2024-08-15 20:27:13 - 
ERROR: FILE NOT FOUND!
FILE: /home/u621097813/domains/birosolutions.md/public_html/admin/controller/extension/installer.php
MOD: d_opencart_patch

ERROR: CODE NOT FOUND!
FILE: admin/model/sale/order.php
CODE: $sql = "SELECT o.order_id, CONCAT(o.firstname, ' ', o.lastname) AS customer, (SELECT os.name FROM " . DB_PREFIX . "order_status os WHERE os.order_status_id = o.order_status_id AND os.language_id = '" . (int)$this->config->get('config_language_id') . "') AS status, o.total, o.currency_code, o.currency_value, o.date_added, o.date_modified FROM " . DB_PREFIX . "order o";
MOD: ExtendedOrderSearch

ERROR: CODE NOT FOUND!
FILE: catalog/language/ru-ru/mail/order_add.php
CODE: $_['text_greeting']         = 'Благодарим за интерес к товарам %s. Ваш заказ получен и поступил в обработку.';
MOD: Extra_email_opencart.3

ERROR: CODE NOT FOUND!
FILE: catalog/view/theme/OPC100238_1/template/product/quick_view.twig
CODE: {% for breadcrumb in breadcrumbs %}
MOD: Fix Breadcrumbs 3x

ERROR: CODE NOT FOUND!
FILE: catalog/view/theme/default/template/product/review.twig
CODE: {% for breadcrumb in breadcrumbs %}
MOD: Fix Breadcrumbs 3x
